[2026-06-03T21:26:10.337] [DEBUG] debug-file - Incremental task entry:default@CompileArkTS pre-execution cost: 34 ms .
[2026-06-03T21:26:10.337] [DEBUG] debug-file - entry : default@CompileArkTS cost memory 1.1667098999023438
[2026-06-03T21:26:10.342] [INFO] debug-file - UP-TO-DATE :entry:default@CompileArkTS...  
[2026-06-03T21:26:10.347] [DEBUG] debug-file - Executing task :entry:default@BuildJS
[2026-06-03T21:26:10.348] [DEBUG] debug-file - Task 'entry:default@BuildJS' cost while wrapping incremental declarations: 1 ms 
[2026-06-03T21:26:10.357] [DEBUG] debug-file - entry : default@BuildJS cost memory 0.17090606689453125
[2026-06-03T21:26:10.358] [DEBUG] debug-file - runTaskFromQueue task cost before running: 2 s 227 ms 
[2026-06-03T21:26:10.358] [INFO] debug-file - Finished :entry:default@BuildJS... after 11 ms 
[2026-06-03T21:26:10.360] [DEBUG] debug-file - Executing task :entry:default@CacheNativeLibs
[2026-06-03T21:26:10.362] [DEBUG] debug-file - Task 'entry:default@CacheNativeLibs' cost while wrapping incremental declarations: 1 ms 
[2026-06-03T21:26:10.364] [DEBUG] debug-file - Incremental task entry:default@CacheNativeLibs pre-execution cost: 2 ms .
[2026-06-03T21:26:10.364] [DEBUG] debug-file - entry : default@CacheNativeLibs cost memory 0.1006927490234375
[2026-06-03T21:26:10.365] [INFO] debug-file - UP-TO-DATE :entry:default@CacheNativeLibs...  
[2026-06-03T21:26:10.367] [DEBUG] debug-file - Executing task :entry:default@GeneratePkgModuleJson
[2026-06-03T21:26:10.368] [DEBUG] debug-file - File: 'D:\Harmony_project\pet_web-master\pet_project\entry\build\default\intermediates\preload\default\preload.json' from 'preloadSoJsonPath' is not exists, just ignore.
[2026-06-03T21:26:10.369] [DEBUG] debug-file - Error occurs while handling @Input 'shouldDeduplicateHar': The "data" argument must be of type string or an instance of Buffer, TypedArray, or DataView. Received undefined
[2026-06-03T21:26:10.370] [DEBUG] debug-file - Task 'entry:default@GeneratePkgModuleJson' cost while wrapping incremental declarations: 3 ms 
[2026-06-03T21:26:10.372] [DEBUG] debug-file - Incremental task entry:default@GeneratePkgModuleJson pre-execution cost: 2 ms .
[2026-06-03T21:26:10.372] [DEBUG] debug-file - entry : default@GeneratePkgModuleJson cost memory 0.1435699462890625
[2026-06-03T21:26:10.373] [INFO] debug-file - UP-TO-DATE :entry:default@GeneratePkgModuleJson...  
[2026-06-03T21:26:10.374] [DEBUG] debug-file - Executing task :entry:default@ProcessCompiledResources
[2026-06-03T21:26:10.374] [DEBUG] debug-file - File: 'D:\Harmony_project\pet_web-master\pet_project\entry\build\default\intermediates\preload\default\preload.json' from 'preloadSoJsonPath' is not exists, just ignore.
[2026-06-03T21:26:10.375] [DEBUG] debug-file - Task 'entry:default@ProcessCompiledResources' cost while wrapping incremental declarations: 1 ms 
[2026-06-03T21:26:10.376] [DEBUG] debug-file - entry : default@ProcessCompiledResources cost memory 0.06453704833984375
[2026-06-03T21:26:10.376] [DEBUG] debug-file - runTaskFromQueue task cost before running: 2 s 245 ms 
[2026-06-03T21:26:10.376] [INFO] debug-file - Finished :entry:default@ProcessCompiledResources... after 2 ms 
[2026-06-03T21:26:10.384] [DEBUG] debug-file - Executing task :entry:default@PackageHap
[2026-06-03T21:26:10.413] [DEBUG] debug-file - Incremental task entry:default@PackageHap pre-execution cost: 28 ms .
[2026-06-03T21:26:10.413] [DEBUG] debug-file - entry : default@PackageHap cost memory 0.5770263671875
[2026-06-03T21:26:10.415] [INFO] debug-file - UP-TO-DATE :entry:default@PackageHap...  
[2026-06-03T21:26:10.418] [DEBUG] debug-file - Executing task :entry:default@PackingCheck
[2026-06-03T21:26:10.429] [DEBUG] debug-file - entry : default@PackingCheck cost memory 0.47176361083984375
[2026-06-03T21:26:10.429] [DEBUG] debug-file - runTaskFromQueue task cost before running: 2 s 298 ms 
[2026-06-03T21:26:10.429] [INFO] debug-file - Finished :entry:default@PackingCheck... after 12 ms 
[2026-06-03T21:26:10.433] [DEBUG] debug-file - Executing task :entry:default@SignHap
[2026-06-03T21:26:10.434] [WARN] debug-file - Will skip sign 'hos_hap'. No signingConfigs profile is configured in current project.
             If needed, configure the signingConfigs in D:\Harmony_project\pet_web-master\pet_project\build-profile.json5.
[2026-06-03T21:26:10.436] [DEBUG] debug-file - entry:default@SignHap is not up-to-date, since the output file 'D:\Harmony_project\pet_web-master\pet_project\entry\build\default\outputs\default\entry-default-signed.hap' does not exist.
[2026-06-03T21:26:10.437] [DEBUG] debug-file - Incremental task entry:default@SignHap pre-execution cost: 3 ms .
[2026-06-03T21:26:10.437] [DEBUG] debug-file - entry : default@SignHap cost memory 0.11164093017578125
[2026-06-03T21:26:10.438] [DEBUG] debug-file - runTaskFromQueue task cost before running: 2 s 307 ms 
[2026-06-03T21:26:10.438] [INFO] debug-file - Finished :entry:default@SignHap... after 5 ms 
[2026-06-03T21:26:10.441] [DEBUG] debug-file - Executing task :entry:default@CollectDebugSymbol
[2026-06-03T21:26:10.443] [DEBUG] debug-file - entry : default@CollectDebugSymbol cost memory 0.09476470947265625
[2026-06-03T21:26:10.443] [DEBUG] debug-file - runTaskFromQueue task cost before running: 2 s 312 ms 
[2026-06-03T21:26:10.444] [INFO] debug-file - Finished :entry:default@CollectDebugSymbol... after 2 ms 
[2026-06-03T21:26:10.444] [DEBUG] debug-file - Executing task :entry:assembleHap
[2026-06-03T21:26:10.445] [DEBUG] debug-file - entry : assembleHap cost memory 0.01419830322265625
[2026-06-03T21:26:10.445] [DEBUG] debug-file - runTaskFromQueue task cost before running: 2 s 314 ms 
[2026-06-03T21:26:10.445] [INFO] debug-file - Finished :entry:assembleHap... after 1 ms 
[2026-06-03T21:26:10.460] [INFO] debug-file - BUILD SUCCESSFUL in 2 s 329 ms 
[2026-06-03T21:26:10.461] [DEBUG] debug-file - There is no need to refresh cache, since the incremental task entry:default@PreBuild is up-to-date.
[2026-06-03T21:26:10.461] [DEBUG] debug-file - Update task entry:default@CreateModuleInfo output file:D:\Harmony_project\pet_web-master\pet_project\entry\build\default\generated\profile\default\ModuleInfo.ts cache.
[2026-06-03T21:26:10.462] [DEBUG] debug-file - Incremental task entry:default@CreateModuleInfo post-execution cost:1 ms .
[2026-06-03T21:26:10.462] [DEBUG] debug-file - There is no need to refresh cache, since the incremental task entry:default@GenerateMetadata is up-to-date.
[2026-06-03T21:26:10.462] [DEBUG] debug-file - There is no need to refresh cache, since the incremental task entry:default@MergeProfile is up-to-date.
[2026-06-03T21:26:10.463] [DEBUG] debug-file - There is no need to refresh cache, since the incremental task entry:default@CreateBuildProfile is up-to-date.
[2026-06-03T21:26:10.463] [DEBUG] debug-file - There is no need to refresh cache, since the incremental task entry:default@GeneratePkgContextInfo is up-to-date.
[2026-06-03T21:26:10.463] [DEBUG] debug-file - Update task entry:default@ProcessIntegratedHsp output file:D:\Harmony_project\pet_web-master\pet_project\build\cache\default\integrated_hsp\integratedHspCache.json cache.
[2026-06-03T21:26:10.463] [DEBUG] debug-file - Incremental task entry:default@ProcessIntegratedHsp post-execution cost:1 ms .
[2026-06-03T21:26:10.463] [DEBUG] debug-file - There is no need to refresh cache, since the incremental task entry:default@MakePackInfo is up-to-date.
[2026-06-03T21:26:10.463] [DEBUG] debug-file - Update task entry:default@SyscapTransform input file:C:\Program Files\Huawei\DevEco Studio\sdk\default\openharmony\toolchains\syscap_tool.exe cache by regenerate.
[2026-06-03T21:26:10.464] [DEBUG] debug-file - Update task entry:default@SyscapTransform input file:C:\Program Files\Huawei\DevEco Studio\sdk\default\openharmony\ets\api\device-define cache by regenerate.
[2026-06-03T21:26:10.467] [DEBUG] debug-file - Update task entry:default@SyscapTransform output file:D:\Harmony_project\pet_web-master\pet_project\entry\build\default\intermediates\syscap\default\rpcid.sc cache.
[2026-06-03T21:26:10.468] [DEBUG] debug-file - Incremental task entry:default@SyscapTransform post-execution cost:5 ms .
[2026-06-03T21:26:10.468] [DEBUG] debug-file - There is no need to refresh cache, since the incremental task entry:default@ProcessProfile is up-to-date.
[2026-06-03T21:26:10.468] [DEBUG] debug-file - There is no need to refresh cache, since the incremental task entry:default@ProcessRouterMap is up-to-date.
[2026-06-03T21:26:10.468] [DEBUG] debug-file - There is no need to refresh cache, since the incremental task entry:default@ProcessShareConfig is up-to-date.
[2026-06-03T21:26:10.469] [DEBUG] debug-file - Update task entry:default@ProcessStartupConfig input file:D:\Harmony_project\pet_web-master\pet_project\entry\build\default\intermediates\loader\default\pkgContextInfo.json cache by regenerate.
[2026-06-03T21:26:10.470] [DEBUG] debug-file - Update task entry:default@ProcessStartupConfig output file:D:\Harmony_project\pet_web-master\pet_project\entry\build\default\intermediates\startup\default\startup_config.json cache.
[2026-06-03T21:26:10.472] [DEBUG] debug-file - Incremental task entry:default@ProcessStartupConfig post-execution cost:4 ms .
[2026-06-03T21:26:10.472] [DEBUG] debug-file - There is no need to refresh cache, since the incremental task entry:default@ProcessResource is up-to-date.
[2026-06-03T21:26:10.472] [DEBUG] debug-file - There is no need to refresh cache, since the incremental task entry:default@GenerateLoaderJson is up-to-date.
[2026-06-03T21:26:10.472] [DEBUG] debug-file - There is no need to refresh cache, since the incremental task entry:default@ProcessLibs is up-to-date.
[2026-06-03T21:26:10.473] [DEBUG] debug-file - There is no need to refresh cache, since the incremental task entry:default@CompileResource is up-to-date.
[2026-06-03T21:26:10.473] [DEBUG] debug-file - There is no need to refresh cache, since the incremental task entry:default@DoNativeStrip is up-to-date.
[2026-06-03T21:26:10.473] [DEBUG] debug-file - There is no need to refresh cache, since the incremental task entry:default@CompileArkTS is up-to-date.
[2026-06-03T21:26:10.475] [DEBUG] debug-file - Update task entry:default@BuildJS input file:D:\Harmony_project\pet_web-master\pet_project\entry\build\default\intermediates\loader\default cache by regenerate.
[2026-06-03T21:26:10.477] [DEBUG] debug-file - Update task entry:default@BuildJS input file:D:\Harmony_project\pet_web-master\pet_project\entry\build\default\intermediates\res\default\ResourceTable.txt cache by regenerate.
[2026-06-03T21:26:10.478] [DEBUG] debug-file - Update task entry:default@BuildJS input file:D:\Harmony_project\pet_web-master\pet_project\entry\build\default\intermediates\res\default\ark_module.json cache by regenerate.
[2026-06-03T21:26:10.479] [DEBUG] debug-file - Update task entry:default@BuildJS input file:D:\Harmony_project\pet_web-master\pet_project\entry\build\default\intermediates\res\default\resources\base\profile cache by regenerate.
[2026-06-03T21:26:10.480] [DEBUG] debug-file - Update task entry:default@BuildJS input file:D:\Harmony_project\pet_web-master\pet_project\entry\build\default\intermediates\loader\default\pkgContextInfo.json cache by regenerate.
[2026-06-03T21:26:10.481] [DEBUG] debug-file - Update task entry:default@BuildJS output file:D:\Harmony_project\pet_web-master\pet_project\entry\build\default\intermediates\loader_out\default\js cache.
[2026-06-03T21:26:10.482] [DEBUG] debug-file - Incremental task entry:default@BuildJS post-execution cost:9 ms .
[2026-06-03T21:26:10.482] [DEBUG] debug-file - There is no need to refresh cache, since the incremental task entry:default@CacheNativeLibs is up-to-date.
[2026-06-03T21:26:10.482] [DEBUG] debug-file - There is no need to refresh cache, since the incremental task entry:default@GeneratePkgModuleJson is up-to-date.
[2026-06-03T21:26:10.483] [DEBUG] debug-file - Incremental task entry:default@ProcessCompiledResources post-execution cost:1 ms .
[2026-06-03T21:26:10.483] [DEBUG] debug-file - There is no need to refresh cache, since the incremental task entry:default@PackageHap is up-to-date.
[2026-06-03T21:26:10.484] [DEBUG] debug-file - Update task entry:default@SignHap input file:D:\Harmony_project\pet_web-master\pet_project\entry\build\default\outputs\default\entry-default-unsigned.hap cache by regenerate.
[2026-06-03T21:26:10.484] [DEBUG] debug-file - Update task entry:default@SignHap output file:D:\Harmony_project\pet_web-master\pet_project\entry\build\default\outputs\default\entry-default-signed.hap cache.
[2026-06-03T21:26:10.485] [DEBUG] debug-file - Incremental task entry:default@SignHap post-execution cost:2 ms .
[2026-06-03T21:26:10.486] [DEBUG] debug-file - Update task entry:default@CollectDebugSymbol input file:D:\Harmony_project\pet_web-master\pet_project\entry\build\default\intermediates\loader_out\default\ets\sourceMaps.map cache by regenerate.
[2026-06-03T21:26:10.488] [DEBUG] debug-file - Update task entry:default@CollectDebugSymbol input file:D:\Harmony_project\pet_web-master\pet_project\entry\build\default\intermediates\libs\default cache by regenerate.
[2026-06-03T21:26:10.489] [DEBUG] debug-file - Update task entry:default@CollectDebugSymbol output file:D:\Harmony_project\pet_web-master\pet_project\entry\build\default\outputs\default\symbol cache.
[2026-06-03T21:26:10.490] [DEBUG] debug-file - Incremental task entry:default@CollectDebugSymbol post-execution cost:5 ms .
[2026-06-03T21:26:10.567] [DEBUG] debug-file - hvigor build process will be closed.
[2026-06-03T21:26:10.624] [DEBUG] debug-file - session manager: send message to worker process.
[2026-06-03T21:26:10.625] [DEBUG] debug-file - session manager: send message to worker process.
[2026-06-03T21:26:10.909] [DEBUG] debug-file - watch worker: worker id should be larger than 0. Nothing will be sent to any worker thread.
[2026-06-03T21:26:10.910] [DEBUG] debug-file - watch worker: worker id should be larger than 0. Nothing will be sent to any worker thread.
[2026-06-03T21:40:44.621] [DEBUG] debug-file - session manager: set active socket. socketId=uVNVhORA2Ej7goknAAAJ
[2026-06-03T21:40:44.658] [DEBUG] debug-file - watch worker: worker id should be larger than 0. Nothing will be sent to any worker thread.
[2026-06-03T21:40:44.691] [DEBUG] debug-file - Workers' log level updated to INFO
[2026-06-03T21:40:44.721] [DEBUG] debug-file - Hvigor init with startParameters:{
  hvigorfileTypeCheck: false,
  parallelExecution: true,
  incrementalExecution: true,
  printStackTrace: false,
  daemon: true,
  analyze: 0,
  logLevel: Level { level: 20000, levelStr: 'INFO', colour: 'green' },
  optimizationStrategy: 'memory',
  hotCompile: undefined,
  hotReloadBuild: undefined,
  customizedParam: undefined
}
[2026-06-03T21:40:44.744] [DEBUG] debug-file - Cache service initialization finished in 22 ms 
[2026-06-03T21:40:44.749] [DEBUG] debug-file - hvigorfile, resolving D:\Harmony_project\pet_web-master\pet_project\hvigorfile.ts
[2026-06-03T21:40:44.787] [DEBUG] debug-file - hvigorfile, require result:  { default: { plugins: [] } }
[2026-06-03T21:40:44.787] [DEBUG] debug-file - hvigorfile, binding system plugins null
[2026-06-03T21:40:44.792] [DEBUG] debug-file - Starting plugin build process
[2026-06-03T21:40:44.792] [DEBUG] debug-file - App plugin prepare start...
[2026-06-03T21:40:44.793] [DEBUG] debug-file - App plugin prepare end...
[2026-06-03T21:40:44.794] [DEBUG] debug-file - App plugin creating...
[2026-06-03T21:40:44.811] [DEBUG] debug-file - App plugin register hook start...
[2026-06-03T21:40:44.811] [DEBUG] debug-file - App plugin register hook end...
[2026-06-03T21:40:44.811] [DEBUG] debug-file - Plugin build process completed
[2026-06-03T21:40:44.812] [DEBUG] debug-file - Start initialize project's product build option map with build mode debug.
[2026-06-03T21:40:44.813] [DEBUG] debug-file - Picking option from product 'default' with build mode 'debug'.
[2026-06-03T21:40:44.813] [DEBUG] debug-file - Product 'default' build option initialized
[2026-06-03T21:40:44.813] [DEBUG] debug-file - End initialize project's product build option map with build mode 'debug'.
[2026-06-03T21:40:44.816] [DEBUG] debug-file - Obtain build option for product 'default'in this build.
[2026-06-03T21:40:44.837] [DEBUG] debug-file - No signingConfig found, initRemoteHspCache failed.
[2026-06-03T21:40:44.864] [DEBUG] debug-file - Start recording SDK configuration permission data.
[2026-06-03T21:40:44.932] [DEBUG] debug-file - Sdk init in 91 ms 
[2026-06-03T21:40:44.942] [DEBUG] debug-file - Project task initialization takes 7 ms 
[2026-06-03T21:40:44.943] [DEBUG] debug-file - hvigorfile, binding custom plugins []
[2026-06-03T21:40:44.943] [DEBUG] debug-file - hvigorfile, no custom plugins were found in D:\Harmony_project\pet_web-master\pet_project\hvigorfile.ts
[2026-06-03T21:40:44.943] [DEBUG] debug-file - hvigorfile, resolve finished D:\Harmony_project\pet_web-master\pet_project\hvigorfile.ts
[2026-06-03T21:40:44.944] [DEBUG] debug-file - hvigorfile, resolving D:\Harmony_project\pet_web-master\pet_project\entry\hvigorfile.ts
[2026-06-03T21:40:44.950] [DEBUG] debug-file - hvigorfile, require result:  { default: { plugins: [] } }
[2026-06-03T21:40:44.951] [DEBUG] debug-file - hvigorfile, binding system plugins null
[2026-06-03T21:40:44.951] [DEBUG] debug-file - Starting plugin build process
[2026-06-03T21:40:44.951] [DEBUG] debug-file - Hap plugin creating...
[2026-06-03T21:40:44.956] [DEBUG] debug-file - failed to load cangjie to dynamically generate schemas: Error: Cannot find module '@ohos/cangjie-build-support/index'
Require stack:
- C:\Program Files\Huawei\DevEco Studio\tools\hvigor\hvigor-ohos-plugin\src\plugin\hooks\cangjie-register.js
- C:\Program Files\Huawei\DevEco Studio\tools\hvigor\hvigor-ohos-plugin\src\plugin\strategy\stage-init-strategy.js
- C:\Program Files\Huawei\DevEco Studio\tools\hvigor\hvigor-ohos-plugin\src\plugin\builder\abstract-plugin-builder.js
- C:\Program Files\Huawei\DevEco Studio\tools\hvigor\hvigor-ohos-plugin\src\plugin\builder\app-plugin-builder.js
- C:\Program Files\Huawei\DevEco Studio\tools\hvigor\hvigor-ohos-plugin\src\plugin\factory\plugin-factory.js
- C:\Program Files\Huawei\DevEco Studio\tools\hvigor\hvigor-ohos-plugin\index.js
- D:\Harmony_project\pet_web-master\pet_project\hvigorfile.ts
- C:\Program Files\Huawei\DevEco Studio\tools\hvigor\hvigor\src\base\internal\lifecycle\configuration.js
- C:\Program Files\Huawei\DevEco Studio\tools\hvigor\hvigor\src\base\boot\index.js
- C:\Program Files\Huawei\DevEco Studio\tools\hvigor\hvigor\src\base\daemon\cluster\worker-process-lifecycle.js
- C:\Program Files\Huawei\DevEco Studio\tools\hvigor\hvigor\src\base\daemon\process\daemon-process-boot-script.js
[2026-06-03T21:40:44.970] [DEBUG] debug-file - Start initialize module-target build option map, moduleName=entry, buildMode=debug
[2026-06-03T21:40:44.971] [DEBUG] debug-file - Target 'default' config initialized
[2026-06-03T21:40:44.972] [DEBUG] debug-file - Target 'ohosTest' config initialized
[2026-06-03T21:40:44.973] [DEBUG] debug-file - Module 'entry' target 'default' build option initialized
[2026-06-03T21:40:44.973] [DEBUG] debug-file - Module 'entry' target 'ohosTest' build option initialized
[2026-06-03T21:40:44.973] [DEBUG] debug-file - End initialize module-target build option map, moduleName=entry
[2026-06-03T21:40:44.974] [DEBUG] debug-file - Start initialize module-target build option map, moduleName=entry, buildMode=release
[2026-06-03T21:40:44.974] [DEBUG] debug-file - Target 'default' config initialized
[2026-06-03T21:40:44.975] [DEBUG] debug-file - Target 'ohosTest' config initialized
[2026-06-03T21:40:44.975] [DEBUG] debug-file - Module 'entry' target 'default' build option initialized
[2026-06-03T21:40:44.975] [DEBUG] debug-file - Module 'entry' target 'ohosTest' build option initialized
[2026-06-03T21:40:44.976] [DEBUG] debug-file - End initialize module-target build option map, moduleName=entry
[2026-06-03T21:40:44.976] [DEBUG] debug-file - Start initialize module-target build option map, moduleName=entry, buildMode=debug
[2026-06-03T21:40:44.976] [DEBUG] debug-file - Target 'default' config initialized
[2026-06-03T21:40:44.976] [DEBUG] debug-file - Target 'ohosTest' config initialized
[2026-06-03T21:40:44.979] [DEBUG] debug-file - Module 'entry' target 'default' build option initialized
[2026-06-03T21:40:44.979] [DEBUG] debug-file - Module 'entry' target 'ohosTest' build option initialized
[2026-06-03T21:40:44.980] [DEBUG] debug-file - End initialize module-target build option map, moduleName=entry
[2026-06-03T21:40:44.980] [DEBUG] debug-file - Obtain build option for module 'entry' target 'default'in this build.
[2026-06-03T21:40:44.991] [DEBUG] debug-file - Module entry task initialization takes 9 ms 
[2026-06-03T21:40:44.991] [DEBUG] debug-file - Hap plugin register hook start...
[2026-06-03T21:40:44.991] [DEBUG] debug-file - Hap plugin register hook end...
[2026-06-03T21:40:44.991] [DEBUG] debug-file - Plugin build process completed
[2026-06-03T21:40:44.991] [DEBUG] debug-file - hvigorfile, binding custom plugins []
[2026-06-03T21:40:44.992] [DEBUG] debug-file - hvigorfile, no custom plugins were found in D:\Harmony_project\pet_web-master\pet_project\entry\hvigorfile.ts
[2026-06-03T21:40:44.992] [DEBUG] debug-file - hvigorfile, resolve finished D:\Harmony_project\pet_web-master\pet_project\entry\hvigorfile.ts
[2026-06-03T21:40:45.239] [DEBUG] debug-file - hvigorfile, resolve hvigorfile dependencies in 246 ms 
[2026-06-03T21:40:45.239] [DEBUG] debug-file - project has submodules:entry
[2026-06-03T21:40:45.241] [DEBUG] debug-file - start to load updatedOhPackageInfo to the disk
[2026-06-03T21:40:45.252] [DEBUG] debug-file - load to the disk finished
[2026-06-03T21:40:45.254] [DEBUG] debug-file - Start to initialize dependency information.
[2026-06-03T21:40:45.261] [DEBUG] debug-file - Module pet_project Collected Dependency: 
[2026-06-03T21:40:45.261] [DEBUG] debug-file - Module pet_project's total dependency: 0
[2026-06-03T21:40:45.263] [DEBUG] debug-file - Start to initialize dependency information.
[2026-06-03T21:40:45.265] [DEBUG] debug-file - Module entry Collected Dependency: 
[2026-06-03T21:40:45.266] [DEBUG] debug-file - Module entry's total dependency: 0
[2026-06-03T21:40:45.270] [DEBUG] debug-file - Configuration phase cost:526 ms 
[2026-06-03T21:40:45.276] [DEBUG] debug-file - Configuration task cost before running: 577 ms 
[2026-06-03T21:40:45.277] [DEBUG] debug-file - Executing task :entry:init
[2026-06-03T21:40:45.280] [DEBUG] debug-file - entry : init cost memory 0.01633453369140625
[2026-06-03T21:40:45.280] [DEBUG] debug-file - runTaskFromQueue task cost before running: 582 ms 
[2026-06-03T21:40:45.281] [INFO] debug-file - Finished :entry:init... after 4 ms 
[2026-06-03T21:40:45.281] [DEBUG] debug-file - Executing task ::init
[2026-06-03T21:40:45.282] [DEBUG] debug-file - pet_project : init cost memory 0.01513671875
[2026-06-03T21:40:45.282] [DEBUG] debug-file - runTaskFromQueue task cost before running: 584 ms 
[2026-06-03T21:40:45.283] [INFO] debug-file - Finished ::init... after 1 ms 
[2026-06-03T21:40:45.304] [DEBUG] debug-file - Obtain build option for module 'entry' target 'default'in this build.
[2026-06-03T21:40:45.304] [DEBUG] debug-file - Obtain build option for module 'entry' target 'ohosTest'in this build.
[2026-06-03T21:40:45.311] [DEBUG] debug-file - hvigor build process will be closed.
[2026-06-03T21:40:45.335] [DEBUG] debug-file - session manager: send message to worker process.
[2026-06-03T21:40:45.337] [DEBUG] debug-file - session manager: send message to worker process.
[2026-06-03T21:40:45.498] [DEBUG] debug-file - watch worker: worker id should be larger than 0. Nothing will be sent to any worker thread.
[2026-06-03T21:40:45.499] [DEBUG] debug-file - watch worker: worker id should be larger than 0. Nothing will be sent to any worker thread.
[2026-06-03T21:46:03.428] [DEBUG] debug-file - session manager: set active socket. socketId=-dCllVWm-TVz_C2vAAAL
[2026-06-03T21:46:03.456] [DEBUG] debug-file - watch worker: worker id should be larger than 0. Nothing will be sent to any worker thread.
[2026-06-03T21:46:03.469] [DEBUG] debug-file - Workers' log level updated to INFO
[2026-06-03T21:46:03.479] [DEBUG] debug-file - Hvigor init with startParameters:{
  hvigorfileTypeCheck: false,
  parallelExecution: true,
  incrementalExecution: true,
  printStackTrace: false,
  daemon: true,
  analyze: 0,
  logLevel: Level { level: 20000, levelStr: 'INFO', colour: 'green' },
  optimizationStrategy: 'memory',
  hotCompile: undefined,
  hotReloadBuild: undefined,
  customizedParam: undefined
}
[2026-06-03T21:46:03.498] [DEBUG] debug-file - Cache service initialization finished in 19 ms 
[2026-06-03T21:46:03.501] [DEBUG] debug-file - hvigorfile, resolving D:\Harmony_project\pet_web-master\pet_project\hvigorfile.ts
[2026-06-03T21:46:03.521] [DEBUG] debug-file - hvigorfile, require result:  { default: { plugins: [] } }
[2026-06-03T21:46:03.521] [DEBUG] debug-file - hvigorfile, binding system plugins null
[2026-06-03T21:46:03.526] [DEBUG] debug-file - Starting plugin build process
[2026-06-03T21:46:03.526] [DEBUG] debug-file - App plugin prepare start...
[2026-06-03T21:46:03.526] [DEBUG] debug-file - App plugin prepare end...
[2026-06-03T21:46:03.526] [DEBUG] debug-file - App plugin creating...
[2026-06-03T21:46:03.538] [DEBUG] debug-file - App plugin register hook start...
[2026-06-03T21:46:03.539] [DEBUG] debug-file - App plugin register hook end...
[2026-06-03T21:46:03.539] [DEBUG] debug-file - Plugin build process completed
[2026-06-03T21:46:03.540] [DEBUG] debug-file - Start initialize project's product build option map with build mode debug.
[2026-06-03T21:46:03.540] [DEBUG] debug-file - Picking option from product 'default' with build mode 'debug'.
[2026-06-03T21:46:03.540] [DEBUG] debug-file - Product 'default' build option initialized
[2026-06-03T21:46:03.540] [DEBUG] debug-file - End initialize project's product build option map with build mode 'debug'.
[2026-06-03T21:46:03.542] [DEBUG] debug-file - Obtain build option for product 'default'in this build.
[2026-06-03T21:46:03.554] [DEBUG] debug-file - No signingConfig found, initRemoteHspCache failed.
[2026-06-03T21:46:03.562] [DEBUG] debug-file - Start recording SDK configuration permission data.
[2026-06-03T21:46:03.646] [DEBUG] debug-file - Sdk init in 91 ms 
[2026-06-03T21:46:03.655] [DEBUG] debug-file - Project task initialization takes 8 ms 
[2026-06-03T21:46:03.655] [DEBUG] debug-file - hvigorfile, binding custom plugins []
[2026-06-03T21:46:03.655] [DEBUG] debug-file - hvigorfile, no custom plugins were found in D:\Harmony_project\pet_web-master\pet_project\hvigorfile.ts
[2026-06-03T21:46:03.655] [DEBUG] debug-file - hvigorfile, resolve finished D:\Harmony_project\pet_web-master\pet_project\hvigorfile.ts
[2026-06-03T21:46:03.657] [DEBUG] debug-file - hvigorfile, resolving D:\Harmony_project\pet_web-master\pet_project\entry\hvigorfile.ts
[2026-06-03T21:46:03.672] [DEBUG] debug-file - hvigorfile, require result:  { default: { plugins: [] } }
[2026-06-03T21:46:03.673] [DEBUG] debug-file - hvigorfile, binding system plugins null
[2026-06-03T21:46:03.673] [DEBUG] debug-file - Starting plugin build process
[2026-06-03T21:46:03.673] [DEBUG] debug-file - Hap plugin creating...
[2026-06-03T21:46:03.677] [DEBUG] debug-file - failed to load cangjie to dynamically generate schemas: Error: Cannot find module '@ohos/cangjie-build-support/index'
Require stack:
- C:\Program Files\Huawei\DevEco Studio\tools\hvigor\hvigor-ohos-plugin\src\plugin\hooks\cangjie-register.js
- C:\Program Files\Huawei\DevEco Studio\tools\hvigor\hvigor-ohos-plugin\src\plugin\strategy\stage-init-strategy.js
- C:\Program Files\Huawei\DevEco Studio\tools\hvigor\hvigor-ohos-plugin\src\plugin\builder\abstract-plugin-builder.js
- C:\Program Files\Huawei\DevEco Studio\tools\hvigor\hvigor-ohos-plugin\src\plugin\builder\app-plugin-builder.js
- C:\Program Files\Huawei\DevEco Studio\tools\hvigor\hvigor-ohos-plugin\src\plugin\factory\plugin-factory.js
- C:\Program Files\Huawei\DevEco Studio\tools\hvigor\hvigor-ohos-plugin\index.js
- D:\Harmony_project\pet_web-master\pet_project\hvigorfile.ts
- C:\Program Files\Huawei\DevEco Studio\tools\hvigor\hvigor\src\base\internal\lifecycle\configuration.js
- C:\Program Files\Huawei\DevEco Studio\tools\hvigor\hvigor\src\base\boot\index.js
- C:\Program Files\Huawei\DevEco Studio\tools\hvigor\hvigor\src\base\daemon\cluster\worker-process-lifecycle.js
- C:\Program Files\Huawei\DevEco Studio\tools\hvigor\hvigor\src\base\daemon\process\daemon-process-boot-script.js
[2026-06-03T21:46:03.684] [DEBUG] debug-file - Start initialize module-target build option map, moduleName=entry, buildMode=debug
[2026-06-03T21:46:03.684] [DEBUG] debug-file - Target 'default' config initialized
[2026-06-03T21:46:03.685] [DEBUG] debug-file - Target 'ohosTest' config initialized
[2026-06-03T21:46:03.685] [DEBUG] debug-file - Module 'entry' target 'default' build option initialized
[2026-06-03T21:46:03.685] [DEBUG] debug-file - Module 'entry' target 'ohosTest' build option initialized
[2026-06-03T21:46:03.685] [DEBUG] debug-file - End initialize module-target build option map, moduleName=entry
[2026-06-03T21:46:03.686] [DEBUG] debug-file - Start initialize module-target build option map, moduleName=entry, buildMode=release
[2026-06-03T21:46:03.686] [DEBUG] debug-file - Target 'default' config initialized
[2026-06-03T21:46:03.686] [DEBUG] debug-file - Target 'ohosTest' config initialized
[2026-06-03T21:46:03.687] [DEBUG] debug-file - Module 'entry' target 'default' build option initialized
[2026-06-03T21:46:03.687] [DEBUG] debug-file - Module 'entry' target 'ohosTest' build option initialized
[2026-06-03T21:46:03.687] [DEBUG] debug-file - End initialize module-target build option map, moduleName=entry
[2026-06-03T21:46:03.688] [DEBUG] debug-file - Start initialize module-target build option map, moduleName=entry, buildMode=debug
[2026-06-03T21:46:03.688] [DEBUG] debug-file - Target 'default' config initialized
[2026-06-03T21:46:03.688] [DEBUG] debug-file - Target 'ohosTest' config initialized
[2026-06-03T21:46:03.689] [DEBUG] debug-file - Module 'entry' target 'default' build option initialized
[2026-06-03T21:46:03.689] [DEBUG] debug-file - Module 'entry' target 'ohosTest' build option initialized
[2026-06-03T21:46:03.690] [DEBUG] debug-file - End initialize module-target build option map, moduleName=entry
[2026-06-03T21:46:03.690] [DEBUG] debug-file - Obtain build option for module 'entry' target 'default'in this build.
[2026-06-03T21:46:03.693] [DEBUG] debug-file - Module entry task initialization takes 3 ms 
[2026-06-03T21:46:03.694] [DEBUG] debug-file - Hap plugin register hook start...
[2026-06-03T21:46:03.694] [DEBUG] debug-file - Hap plugin register hook end...
[2026-06-03T21:46:03.694] [DEBUG] debug-file - Plugin build process completed
[2026-06-03T21:46:03.694] [DEBUG] debug-file - hvigorfile, binding custom plugins []
[2026-06-03T21:46:03.695] [DEBUG] debug-file - hvigorfile, no custom plugins were found in D:\Harmony_project\pet_web-master\pet_project\entry\hvigorfile.ts
[2026-06-03T21:46:03.695] [DEBUG] debug-file - hvigorfile, resolve finished D:\Harmony_project\pet_web-master\pet_project\entry\hvigorfile.ts
[2026-06-03T21:46:03.929] [DEBUG] debug-file - hvigorfile, resolve hvigorfile dependencies in 233 ms 
[2026-06-03T21:46:03.929] [DEBUG] debug-file - project has submodules:entry
[2026-06-03T21:46:03.932] [DEBUG] debug-file - start to load updatedOhPackageInfo to the disk
[2026-06-03T21:46:03.945] [DEBUG] debug-file - load to the disk finished
[2026-06-03T21:46:03.947] [DEBUG] debug-file - Start to initialize dependency information.
[2026-06-03T21:46:03.956] [DEBUG] debug-file - Module pet_project Collected Dependency: 
[2026-06-03T21:46:03.956] [DEBUG] debug-file - Module pet_project's total dependency: 0
[2026-06-03T21:46:03.958] [DEBUG] debug-file - Start to initialize dependency information.
[2026-06-03T21:46:03.964] [DEBUG] debug-file - Module entry Collected Dependency: 
[2026-06-03T21:46:03.964] [DEBUG] debug-file - Module entry's total dependency: 0
[2026-06-03T21:46:03.968] [DEBUG] debug-file - Configuration phase cost:470 ms 
[2026-06-03T21:46:03.970] [DEBUG] debug-file - Configuration task cost before running: 501 ms 
[2026-06-03T21:46:03.970] [DEBUG] debug-file - Executing task :entry:init
[2026-06-03T21:46:03.971] [DEBUG] debug-file - entry : init cost memory 0.01551055908203125
[2026-06-03T21:46:03.971] [DEBUG] debug-file - runTaskFromQueue task cost before running: 502 ms 
[2026-06-03T21:46:03.971] [INFO] debug-file - Finished :entry:init... after 1 ms 
[2026-06-03T21:46:03.972] [DEBUG] debug-file - Executing task ::init
[2026-06-03T21:46:03.972] [DEBUG] debug-file - pet_project : init cost memory 0.01432037353515625
[2026-06-03T21:46:03.972] [DEBUG] debug-file - runTaskFromQueue task cost before running: 503 ms 
[2026-06-03T21:46:03.973] [INFO] debug-file - Finished ::init... after 1 ms 
[2026-06-03T21:46:03.987] [DEBUG] debug-file - Obtain build option for module 'entry' target 'default'in this build.
[2026-06-03T21:46:03.988] [DEBUG] debug-file - Obtain build option for module 'entry' target 'ohosTest'in this build.
[2026-06-03T21:46:03.991] [DEBUG] debug-file - hvigor build process will be closed.
[2026-06-03T21:46:04.009] [DEBUG] debug-file - session manager: send message to worker process.
[2026-06-03T21:46:04.011] [DEBUG] debug-file - session manager: send message to worker process.
[2026-06-03T21:46:04.176] [DEBUG] debug-file - watch worker: worker id should be larger than 0. Nothing will be sent to any worker thread.
[2026-06-03T21:46:04.176] [DEBUG] debug-file - watch worker: worker id should be larger than 0. Nothing will be sent to any worker thread.
